Added Component: Designator=IC3(SOIC127P600X175-8N)
Add component (AddParameter): Name = "Arrow Part Number"; Value = ""; VariantName = "[No Variations]"
Add component (AddParameter): Name = "Arrow Price/Stock"; Value = ""; VariantName = "[No Variations]"
Add component (AddParameter): Name = "Datasheet Link"; Value = "http://datasheets.maximintegrated.com/en/ds/MAX6675.pdf"; VariantName = "[No Variations]"
Add component (AddParameter): Name = "Height"; Value = "1.75mm"; VariantName = "[No Variations]"
Add component (AddParameter): Name = "Manufacturer_Name"; Value = "Maxim Integrated"; VariantName = "[No Variations]"
Add component (AddParameter): Name = "Manufacturer_Part_Number"; Value = "MAX6675ISA"; VariantName = "[No Variations]"
Add component (AddParameter): Name = "Mouser Part Number"; Value = "N/A"; VariantName = "[No Variations]"
Add component (AddParameter): Name = "Mouser Price/Stock"; Value = "https://www.mouser.com/Search/Refine.aspx?Keyword=N%2FA"; VariantName = "[No Variations]"
Added Component: Designator=J1(691214110002)
Add component (AddParameter): Name = "Datasheet URL"; Value = "http://katalog.we-online.de/em/datasheet/6912141100xx.pdf"; VariantName = "[No Variations]"
Add component (AddParameter): Name = "Manufacturer"; Value = "Wurth Elektronik"; VariantName = "[No Variations]"
Add component (AddParameter): Name = "Manufacturer URL"; Value = "http://www.we-online.de"; VariantName = "[No Variations]"
Add component (AddParameter): Name = "Mounting Technology"; Value = "THT"; VariantName = "[No Variations]"
Add component (AddParameter): Name = "Operating Temperature"; Value = "-40to105degC"; VariantName = "[No Variations]"
Add component (AddParameter): Name = "Package Reference"; Value = "691214110002"; VariantName = "[No Variations]"
Add component (AddParameter): Name = "Packaging"; Value = "Box"; VariantName = "[No Variations]"
Add component (AddParameter): Name = "Part Number"; Value = "691214110002"; VariantName = "[No Variations]"
Add component (AddParameter): Name = "Pin Number"; Value = "2"; VariantName = "[No Variations]"
Add component (AddParameter): Name = "Pitch"; Value = "3.50mm"; VariantName = "[No Variations]"
Add component (AddParameter): Name = "Publisher"; Value = "WurthElektronik"; VariantName = "[No Variations]"
Added Pin To Net: NetName=GND Pin=IC3-1
Added Pin To Net: NetName=GND Pin=IC3-2
Added Pin To Net: NetName=VDD Pin=IC3-4
Added Pin To Net: NetName=GND Pin=J1-2
Change Net Name : Old Net Name=GND New Net Name=TC_T-
Change Net Name : Old Net Name=TR_MOSI New Net Name=ESP_MOSI
Change Net Name : Old Net Name=TR_SS New Net Name=TR_CS
Added Pin To Net: NetName=ESP_MISO Pin=ESP32-WROOM-32D-22
Added Pin To Net: NetName=ESP_MISO Pin=IC3-7
Added Pin To Net: NetName=ESP_MISO Pin=RFM92_93W-2
Added Net: Name=ESP_MISO
Added Pin To Net: NetName=ESP_SCK Pin=ESP32-WROOM-32D-20
Added Pin To Net: NetName=ESP_SCK Pin=IC3-5
Added Pin To Net: NetName=ESP_SCK Pin=RFM92_93W-4
Added Net: Name=ESP_SCK
Added Pin To Net: NetName=TC_CS Pin=ESP32-WROOM-32D-18
Added Pin To Net: NetName=TC_CS Pin=IC3-6
Added Net: Name=TC_CS
Added Pin To Net: NetName=TC_T+ Pin=IC3-3
Added Pin To Net: NetName=TC_T+ Pin=J1-1
Added Net: Name=TC_T+
Added Member To Class: ClassName=Lora_Node_SCH Member=Component IC3 MAX6675ISA
Added Member To Class: ClassName=Lora_Node_SCH Member=Component J1 691214110002
