Added Component: Designator=J?(MOLX-731000114_V)
Add component (AddParameter): Name = "Datasheet URL"; Value = "http://www.molex.com/webdocs/datasheets/pdf/en-us/0731000114_RF_COAX_CONNECTORS.pdf"; VariantName = "[No Variations]"
Add component (AddParameter): Name = "Datasheet Version"; Value = "09/2016"; VariantName = "[No Variations]"
Add component (AddParameter): Name = "Manufacturer"; Value = "Molex"; VariantName = "[No Variations]"
Add component (AddParameter): Name = "Manufacturer URL"; Value = "http://www.molex.com/"; VariantName = "[No Variations]"
Add component (AddParameter): Name = "Mounting Technology"; Value = "ThroughHole"; VariantName = "[No Variations]"
Add component (AddParameter): Name = "Package Description"; Value = "5-Pin Through Hole Device, Body 14.8 x 6.35 mm, Pitch 2.54 mm"; VariantName = "[No Variations]"
Add component (AddParameter): Name = "Package Reference"; Value = "731000114"; VariantName = "[No Variations]"
Add component (AddParameter): Name = "Package URL"; Value = "http://www.molex.com/pdm_docs/sd/731000114_sd.pdf"; VariantName = "[No Variations]"
Added Pin To Net: NetName=GND Pin=J?-2
Added Pin To Net: NetName=GND Pin=J?-3
Added Pin To Net: NetName=GND Pin=J?-4
Added Pin To Net: NetName=GND Pin=J?-5
Added Pin To Net: NetName=GND Pin=RFM92_93W-8
Added Pin To Net: NetName=GND Pin=RFM92_93W-10
Added Pin To Net: NetName=3.3V Pin=RFM92_93W-13
Added Net: Name=3.3V
Added Pin To Net: NetName=ANT Pin=J?-1
Added Pin To Net: NetName=ANT Pin=RFM92_93W-9
Added Net: Name=ANT
Added Pin To Net: NetName=TR_DIO0 Pin=RFM92_93W-14
Added Net: Name=TR_DIO0
Added Pin To Net: NetName=TR_DIO1 Pin=RFM92_93W-15
Added Net: Name=TR_DIO1
Added Pin To Net: NetName=TR_DIO2 Pin=RFM92_93W-16
Added Net: Name=TR_DIO2
Added Pin To Net: NetName=TR_DIO3 Pin=RFM92_93W-11
Added Net: Name=TR_DIO3
Added Pin To Net: NetName=TR_DIO4 Pin=RFM92_93W-12
Added Net: Name=TR_DIO4
Added Pin To Net: NetName=TR_DIO5 Pin=RFM92_93W-7
Added Net: Name=TR_DIO5
Added Pin To Net: NetName=TR_RESET Pin=RFM92_93W-6
Added Net: Name=TR_RESET
Added Member To Class: ClassName=Lora_Node_SCH Member=Component J? 731000114
